<?xml version="1.0" encoding="UTF-8"?>
<!-- Generated by org.testng.reporters.JUnitXMLReporter -->
<testsuite ignored="4" hostname="Ronin" failures="0" tests="1" name="Default test" time="13.232" errors="0" timestamp="2026-08-14T14:55:17 IST">
  <testcase classname="com.actitime.tests.TC_001_LoginCreateEditDeleteCustomerLogout" name="Login" time="1.577"/>
  <testcase classname="com.actitime.tests.TC_001_LoginCreateEditDeleteCustomerLogout" name="editCustomer" time="0.0">
    <ignored/>
  </testcase> <!-- editCustomer -->
  <testcase classname="com.actitime.tests.TC_001_LoginCreateEditDeleteCustomerLogout" name="deleteCustomer" time="0.0">
    <ignored/>
  </testcase> <!-- deleteCustomer -->
  <testcase classname="com.actitime.tests.TC_001_LoginCreateEditDeleteCustomerLogout" name="logout" time="0.0">
    <ignored/>
  </testcase> <!-- logout -->
  <testcase classname="com.actitime.tests.TC_001_LoginCreateEditDeleteCustomerLogout" name="createCustomer" time="0.0">
    <ignored/>
  </testcase> <!-- createCustomer -->
</testsuite> <!-- Default test -->
