<?xml version="1.0" encoding="UTF-8"?>
<!-- Generated by org.testng.reporters.JUnitXMLReporter -->
<testsuite ignored="0" hostname="Ronin" failures="0" tests="3" name="Default test" time="25.48" errors="0" timestamp="2026-08-17T17:55:06 IST">
  <testcase classname="com.actitime.tests.TC_002_LoginCreateEditDeleteWorkLogout" name="createWork" time="10.429"/>
  <testcase classname="com.actitime.tests.TC_002_LoginCreateEditDeleteWorkLogout" name="editWork" time="5.27"/>
  <testcase classname="com.actitime.tests.TC_002_LoginCreateEditDeleteWorkLogout" name="deleteWork" time="0.234"/>
</testsuite> <!-- Default test -->
