<?xml version="1.0" encoding="UTF-8"?>
<!-- Generated by org.testng.reporters.JUnitXMLReporter -->
<testsuite ignored="0" hostname="Ronin" failures="0" tests="3" name="Test" time="29.937" errors="0" timestamp="2026-08-18T19:23:14 IST">
  <testcase classname="com.actitime.tests.TC_002_LoginCreateEditDeleteWorkLogout" name="createWork" time="10.238"/>
  <testcase classname="com.actitime.tests.TC_002_LoginCreateEditDeleteWorkLogout" name="editWork" time="8.25"/>
  <testcase classname="com.actitime.tests.TC_002_LoginCreateEditDeleteWorkLogout" name="deleteWork" time="0.222"/>
</testsuite> <!-- Test -->
