<?xml version="1.0" encoding="UTF-8"?>
<!-- Generated by org.testng.reporters.JUnitXMLReporter -->
<testsuite ignored="0" hostname="Ronin" failures="0" tests="3" name="Test" time="29.369" errors="0" timestamp="2026-08-17T16:53:55 IST">
  <testcase classname="com.actitime.tests.TC_003_LoginCreateEditDeleteLeaveLogout" name="createLeave" time="10.713"/>
  <testcase classname="com.actitime.tests.TC_003_LoginCreateEditDeleteLeaveLogout" name="editLeave" time="8.484"/>
  <testcase classname="com.actitime.tests.TC_003_LoginCreateEditDeleteLeaveLogout" name="deleteLeave" time="0.481"/>
</testsuite> <!-- Test -->
