<?xml version="1.0" encoding="UTF-8"?>
<testng-results ignored="0" total="3" passed="3" failed="0" skipped="0">
  <reporter-output>
    <line>
      <![CDATA[execution happening in : null]]>
    </line>
    <line>
      <![CDATA[execution happening in : null]]>
    </line>
  </reporter-output>
  <suite started-at="2026-08-17T16:53:26 IST" name="Suite" finished-at="2026-08-17T16:53:55 IST" duration-ms="29369">
    <groups>
    </groups>
    <test started-at="2026-08-17T16:53:26 IST" name="Test" finished-at="2026-08-17T16:53:55 IST" duration-ms="29369">
      <class name="com.actitime.tests.TC_003_LoginCreateEditDeleteLeaveLogout">
        <test-method is-config="true" signature="setup()[pri:0, instance:com.actitime.tests.TC_003_LoginCreateEditDeleteLeaveLogout@682b2fa]" started-at="2026-08-17T16:53:26 IST" name="setup" finished-at="2026-08-17T16:53:33 IST" duration-ms="7044" status="PASS">
          <reporter-output>
            <line>
              <![CDATA[execution happening in : null]]>
            </line>
            <line>
              <![CDATA[execution happening in : null]]>
            </line>
          </reporter-output>
        </test-method> <!-- setup -->
        <test-method signature="createLeave()[pri:0, instance:com.actitime.tests.TC_003_LoginCreateEditDeleteLeaveLogout@682b2fa]" started-at="2026-08-17T16:53:33 IST" name="createLeave" finished-at="2026-08-17T16:53:44 IST" duration-ms="10713" status="PASS">
          <reporter-output>
          </reporter-output>
        </test-method> <!-- createLeave -->
        <test-method signature="editLeave()[pri:0, instance:com.actitime.tests.TC_003_LoginCreateEditDeleteLeaveLogout@682b2fa]" started-at="2026-08-17T16:53:44 IST" name="editLeave" finished-at="2026-08-17T16:53:52 IST" depends-on-methods="com.actitime.tests.TC_003_LoginCreateEditDeleteLeaveLogout.createLeave" duration-ms="8484" status="PASS">
          <reporter-output>
          </reporter-output>
        </test-method> <!-- editLeave -->
        <test-method signature="deleteLeave()[pri:0, instance:com.actitime.tests.TC_003_LoginCreateEditDeleteLeaveLogout@682b2fa]" started-at="2026-08-17T16:53:52 IST" name="deleteLeave" finished-at="2026-08-17T16:53:53 IST" depends-on-methods="com.actitime.tests.TC_003_LoginCreateEditDeleteLeaveLogout.editLeave" duration-ms="481" status="PASS">
          <reporter-output>
          </reporter-output>
        </test-method> <!-- deleteLeave -->
        <test-method is-config="true" signature="teardown()[pri:0, instance:com.actitime.tests.TC_003_LoginCreateEditDeleteLeaveLogout@682b2fa]" started-at="2026-08-17T16:53:53 IST" name="teardown" finished-at="2026-08-17T16:53:55 IST" duration-ms="2581" status="PASS">
          <reporter-output>
          </reporter-output>
        </test-method> <!-- teardown -->
      </class> <!-- com.actitime.tests.TC_003_LoginCreateEditDeleteLeaveLogout -->
    </test> <!-- Test -->
  </suite> <!-- Suite -->
</testng-results>
