<?xml version="1.0" encoding="UTF-8"?>
<!-- Generated by org.testng.reporters.JUnitReportReporter -->
<testsuite hostname="Ronin" failures="0" tests="5" name="com.actitime.tests.TC_001_LoginCreateEditDeleteCustomerLogout" time="17.087" errors="0" timestamp="2026-08-14T14:57:10 IST" skipped="0">
  <testcase classname="com.actitime.tests.TC_001_LoginCreateEditDeleteCustomerLogout" name="deleteCustomer" time="0.371"/>
  <testcase classname="com.actitime.tests.TC_001_LoginCreateEditDeleteCustomerLogout" name="logout" time="2.032"/>
  <testcase classname="com.actitime.tests.TC_001_LoginCreateEditDeleteCustomerLogout" name="editCustomer" time="3.956"/>
  <testcase classname="com.actitime.tests.TC_001_LoginCreateEditDeleteCustomerLogout" name="createCustomer" time="9.199"/>
  <testcase classname="com.actitime.tests.TC_001_LoginCreateEditDeleteCustomerLogout" name="Login" time="1.529"/>
</testsuite> <!-- com.actitime.tests.TC_001_LoginCreateEditDeleteCustomerLogout -->
