<?xml version="1.0" encoding="UTF-8"?>
<!-- Generated by org.testng.reporters.JUnitReportReporter -->
<testsuite hostname="Ronin" failures="0" tests="3" name="com.actitime.tests.TC_002_LoginCreateEditDeleteWorkLogout" time="15.160" errors="0" timestamp="2026-08-17T17:21:39 IST" skipped="0">
  <testcase classname="com.actitime.tests.TC_002_LoginCreateEditDeleteWorkLogout" name="createWork" time="9.646"/>
  <testcase classname="com.actitime.tests.TC_002_LoginCreateEditDeleteWorkLogout" name="editWork" time="5.253"/>
  <testcase classname="com.actitime.tests.TC_002_LoginCreateEditDeleteWorkLogout" name="deleteWork" time="0.261"/>
  <system-out>
    <![CDATA[execution happening in : null
execution happening in : null]]>
  </system-out>
</testsuite> <!-- com.actitime.tests.TC_002_LoginCreateEditDeleteWorkLogout -->
