<?xml version="1.0" encoding="UTF-8"?>
<!-- Generated by org.testng.reporters.JUnitReportReporter -->
<testsuite hostname="Ronin" failures="0" tests="3" name="com.actitime.tests.TC_003_LoginCreateEditDeleteLeaveLogout" time="19.678" errors="0" timestamp="2026-08-17T16:53:56 IST" skipped="0">
  <testcase classname="com.actitime.tests.TC_003_LoginCreateEditDeleteLeaveLogout" name="deleteLeave" time="0.481"/>
  <testcase classname="com.actitime.tests.TC_003_LoginCreateEditDeleteLeaveLogout" name="editLeave" time="8.484"/>
  <testcase classname="com.actitime.tests.TC_003_LoginCreateEditDeleteLeaveLogout" name="createLeave" time="10.713"/>
  <system-out>
    <![CDATA[execution happening in : null
execution happening in : null]]>
  </system-out>
</testsuite> <!-- com.actitime.tests.TC_003_LoginCreateEditDeleteLeaveLogout -->
