<?xml version="1.0" encoding="UTF-8"?>
<!-- Generated by org.testng.reporters.JUnitReportReporter -->
<testsuite hostname="Ronin" failures="0" tests="3" name="com.actitime.tests.TC_002_LoginCreateEditDeleteWorkLogout" time="26.226" errors="0" timestamp="2026-08-18T13:53:04 IST" skipped="0">
  <testcase classname="com.actitime.tests.TC_002_LoginCreateEditDeleteWorkLogout" name="editWork" time="8.506"/>
  <testcase classname="com.actitime.tests.TC_002_LoginCreateEditDeleteWorkLogout" name="deleteWork" time="0.473"/>
  <testcase classname="com.actitime.tests.TC_002_LoginCreateEditDeleteWorkLogout" name="createWork" time="17.247"/>
  <system-out>
    <![CDATA[execution happening in : null
execution happening in : null]]>
  </system-out>
</testsuite> <!-- com.actitime.tests.TC_002_LoginCreateEditDeleteWorkLogout -->
