<?xml version="1.0" encoding="UTF-8"?>
<!-- Generated by org.testng.reporters.JUnitReportReporter -->
<testsuite hostname="Ronin" failures="0" tests="3" name="com.actitime.tests.TC_003_LoginCreateEditDeleteLeaveLogout" time="17.272" errors="0" timestamp="2026-08-17T17:30:15 IST" skipped="0">
  <testcase classname="com.actitime.tests.TC_003_LoginCreateEditDeleteLeaveLogout" name="deleteLeave" time="0.240"/>
  <testcase classname="com.actitime.tests.TC_003_LoginCreateEditDeleteLeaveLogout" name="createLeave" time="8.758"/>
  <testcase classname="com.actitime.tests.TC_003_LoginCreateEditDeleteLeaveLogout" name="editLeave" time="8.274"/>
  <system-out>
    <![CDATA[execution happening in : null
execution happening in : null
execution happening in : null
execution happening in : null]]>
  </system-out>
</testsuite> <!-- com.actitime.tests.TC_003_LoginCreateEditDeleteLeaveLogout -->
